2017/9/11 9:32:51	Debug	反馈处理错误673行：正在中止线程。
2017/9/11 9:32:51	Debug	正在中止线程。
2017/9/11 9:37:21	Debug	心跳处错误：文件“D:\Abutment\93\SendTarFilePath\EBDT_010102321026000000010000000000000000.tar”正由另一进程使用，因此该进程无法访问此文件。
2017/9/11 9:37:32	Debug	心跳处错误：文件“D:\Abutment\93\SendTarFilePath\EBDT_010102321026000000010000000000000000.tar”正由另一进程使用，因此该进程无法访问此文件。
2017/9/11 10:05:54	Debug	心跳处错误：文件“D:\Abutment\93\SendTarFilePath\EBDT_010103321026000000010000000000000000.tar”正由另一进程使用，因此该进程无法访问此文件。
2017/9/11 10:28:25	Debug	反馈处理错误673行：正在中止线程。
2017/9/11 10:28:25	Debug	正在中止线程。
2017/9/11 10:43:41	Debug	处理XML:索引超出范围。必须为非负值并小于集合大小。
参数名: index
2017/9/11 11:05:21	Debug	心跳处错误：文件“D:\Abutment\93\SendTarFilePath\EBDT_010102320111000000010000000000000000.tar”正由另一进程使用，因此该进程无法访问此文件。
2017/9/11 13:00:24	Debug	反馈处理错误673行：正在中止线程。
2017/9/11 13:00:24	Debug	正在中止线程。
2017/9/11 13:12:46	Debug	非本区域地域码
2017/9/11 13:12:47	Debug	行号339：未将对象引用设置到对象的实例。
2017/9/11 13:13:36	Debug	非本区域地域码
2017/9/11 13:13:36	Debug	行号339：未将对象引用设置到对象的实例。
2017/9/11 13:15:18	Debug	非本区域地域码
2017/9/11 13:15:19	Debug	行号339：未将对象引用设置到对象的实例。
2017/9/11 13:19:05	Debug	非本区域地域码
2017/9/11 13:21:51	Debug	非本区域地域码
2017/9/11 13:22:56	Debug	非本区域地域码
2017/9/11 13:24:39	Debug	非本区域地域码
2017/9/11 13:26:20	Debug	非本区域地域码
2017/9/11 13:28:31	Debug	行号339：未将对象引用设置到对象的实例。
2017/9/11 13:30:32	Debug	非本区域地域码
2017/9/11 13:34:41	Debug	非本区域地域码
2017/9/11 13:36:08	Debug	非本区域地域码
2017/9/11 13:40:00	Debug	非本区域地域码
2017/9/11 14:15:29	Debug	非本区域地域码
2017/9/11 14:17:26	Debug	非本区域地域码
2017/9/11 14:22:55	Debug	心跳处错误：文件“D:\Abutment\93\SendTarFilePath\EBDT_010103320111000000010000000000000000.tar”正由另一进程使用，因此该进程无法访问此文件。
2017/9/11 15:15:22	Debug	非本区域地域码
2017/9/11 15:15:41	Debug	反馈处理错误673行：正在中止线程。
2017/9/11 15:15:41	Debug	正在中止线程。
2017/9/11 15:27:15	Debug	反馈处理错误673行：正在中止线程。
2017/9/11 15:27:16	Debug	正在中止线程。
2017/9/11 15:32:18	Debug	非本区域地域码
2017/9/11 15:36:32	Debug	非本区域地域码
2017/9/11 15:46:39	Debug	非本区域地域码
2017/9/11 15:51:12	Debug	非本区域地域码
2017/9/11 15:53:33	Debug	非本区域地域码
2017/9/11 15:54:20	Debug	非本区域地域码
2017/9/11 16:01:53	Debug	非本区域地域码
2017/9/11 16:02:40	Debug	非本区域地域码
2017/9/11 16:13:10	Debug	非本区域地域码
2017/9/11 16:15:34	Debug	反馈处理错误673行：正在中止线程。
2017/9/11 16:15:34	Debug	正在中止线程。
2017/9/11 16:25:17	Debug	非本区域地域码
2017/9/11 16:29:19	Debug	非本区域地域码
2017/9/11 17:00:11	Debug	非本区域地域码
2017/9/11 17:00:18	Debug	非本区域地域码
2017/9/11 17:00:36	Debug	非本区域地域码
2017/9/11 17:01:45	Debug	反馈处理错误673行：正在中止线程。
2017/9/11 17:01:45	Debug	正在中止线程。
