2017/9/12 10:45:48	Debug	反馈处理错误673行：正在中止线程。
2017/9/12 10:45:48	Debug	正在中止线程。
2017/9/12 11:00:50	Debug	反馈处理错误673行：正在中止线程。
2017/9/12 11:00:50	Debug	正在中止线程。
2017/9/12 12:47:36	Debug	非本区域地域码
2017/9/12 13:02:50	Debug	应急消息播发状态请求反馈:2017/9/12 13:02:50未将对象引用设置到对象的实例。
2017/9/12 13:02:51	Debug	错误510行:未能找到文件“D:\Abutment\93\SendTarFilePath\EBDT_100103320111000000010000000000000884.tar”。
2017/9/12 13:04:03	Debug	应急消息播发状态请求反馈:2017/9/12 13:04:03未将对象引用设置到对象的实例。
2017/9/12 13:05:37	Debug	错误510行:未能找到文件“D:\Abutment\93\SendTarFilePath\EBDT_100103320111000000010000000000000167.tar”。
2017/9/12 13:06:40	Debug	反馈处理错误673行：正在中止线程。
2017/9/12 13:06:40	Debug	正在中止线程。
2017/9/12 13:22:11	Debug	非本区域地域码
2017/9/12 13:22:19	Debug	错误566：未将对象引用设置到对象的实例。
2017/9/12 13:22:30	Debug	错误566：未将对象引用设置到对象的实例。
2017/9/12 13:23:20	Debug	非本区域地域码
2017/9/12 13:25:55	Debug	非本区域地域码
2017/9/12 13:31:26	Debug	非本区域地域码
2017/9/12 13:55:46	Debug	非本区域地域码
2017/9/12 13:58:59	Debug	非本区域地域码
2017/9/12 14:09:17	Debug	非本区域地域码
2017/9/12 14:13:17	Debug	非本区域地域码
2017/9/12 14:14:28	Debug	反馈处理错误673行：正在中止线程。
2017/9/12 14:14:28	Debug	正在中止线程。
2017/9/12 14:23:45	Debug	反馈处理错误673行：正在中止线程。
2017/9/12 14:23:45	Debug	正在中止线程。
2017/9/12 14:31:49	Debug	反馈处理错误673行：正在中止线程。
2017/9/12 14:31:49	Debug	正在中止线程。
